<?xml version="1.0" encoding="UTF-8"?>
<!-- Generated by org.testng.reporters.JUnitReportReporter -->
<testsuite skipped="0" hostname="DESKTOP-B2FJINH" name="com.freeCrm.testcases.Example" tests="1" failures="0" timestamp="2020-02-29T00:19:26 EET" time="0.012" errors="0">
  <testcase name="printvalues" time="0.012" classname="com.freeCrm.testcases.Example"/>
</testsuite> <!-- com.freeCrm.testcases.Example -->
